		{ "default",							&Actor::returntrue						},
		{ "INACTIVE",							&Actor::checkinactive					},
		{ "ANIM_DONE",							&Actor::checkanimdone							},
		{ "TORSO_ANIM_DONE",					&Actor::checktorsoanimdone   					},
		{ "DEAD",								&Actor::checkdead								},
		{ "ACTOR_FLAG",							&Actor::checkActorFlag							},
		{ "HAVE_ENEMY",							&Actor::checkhaveenemy							},
		{ "ENEMY_DEAD",							&Actor::checkenemydead							},
		{ "ENEMY_NOCLIP",						&Actor::checkenemynoclip						},
		{ "CAN_ATTACK_ENEMY",					&Actor::checkCanAttackEnemy						},
		{ "CAN_SEE_ENEMY",						&Actor::checkcanseeenemy						},		
		{ "CAN_SEE_PLAYER",						&Actor::checkcanseeplayer						},		
		{ "ENEMY_IN_FOV",						&Actor::checkenemyinfov							},
		{ "ENEMY_RELATIVE_YAW",					&Actor::checkenemyrelativeyaw					},
		{ "CHECK_ENEMY_YAW_RANGE",				&Actor::checkenemyyawrange						},
		{ "CAN_SHOOT_ANY_ENEMY",				&Actor::checkCanAttackAnyEnemy					},
		{ "ENEMY_ON_GROUND",					&Actor::checkenemyonground						},
		{ "CAN_JUMP_TO_ENEMY",					&Actor::checkcanjumptoenemy						},
		{ "CAN_FLY_TO_ENEMY",					&Actor::checkcanflytoenemy						},
		{ "PAIN",								&Actor::checkinpain								},
		{ "SMALL_PAIN",							&Actor::checksmallpain							},		
		{ "PAIN_YAW",							&Actor::checkpainyaw							},
		{ "PAIN_PITCH",							&Actor::checkpainpitch							},
		{ "SHOW_PAIN",							&Actor::checkShowPain							},
		{ "STUNNED",							&Actor::checkstunned							},
		{ "FINISHED",							&Actor::checkfinished							},
		{ "MELEE_HIT",							&Actor::checkmeleehit							},
		{ "HIT_WORLD",							&Actor::checkMeleeHitWorld						},
		{ "BLOCKED_HIT",						&Actor::checkblockedhit							},
		{ "BLOCKED",							&Actor::checkblocked							},
		{ "OTHER_DIED",							&Actor::checkotherdied							},
		{ "STUCK",								&Actor::checkstuck								},
		{ "NO_PATH",							&Actor::checknopath								},
		{ "STEERING_FAILED",					&Actor::checkSteeringFailed						},
		{ "HAVE_PATH_TO_ENEMY",					&Actor::checkHavePathToEnemy					},
		{ "ON_FIRE",							&Actor::checkonfire								},
		{ "BEHAVIOR_DONE",						&Actor::checkbehaviordone						},
		{ "BEHAVIOR_SUCCESS",					&Actor::checkbehaviorsuccess					},
		{ "BEHAVIOR_FAILED",					&Actor::checkbehaviorfailed						},
		{ "HEAD_BEHAVIOR_DONE",					&Actor::checkheadbehaviordone					},
		{ "EYE_BEHAVIOR_DONE",					&Actor::checkeyebehaviordone					},
		{ "TORSO_BEHAVIOR_DONE",				&Actor::checktorsobehaviordone					},
		{ "TORSO_BEHAVIOR_FAILED",				&Actor::checktorsobehaviorfailed				},
		{ "TORSO_BEHAVIOR_SUCCESS",				&Actor::checktorsobehaviorsuccess				},
		{ "TIME_DONE",							&Actor::checktimedone							},
		{ "DONE",								&Actor::checkdone								},
		{ "RANGE",								&Actor::checkenemyrange							},
		{ "ENEMY_WITHIN_RANGE",					&Actor::checkEnemyWithinRange					},
		{ "ENEMY_ATTACHED",						&Actor::checkEnemyAttached						},
		{ "PLAYER_RANGE",						&Actor::checkplayerrange						},
		{ "PARENT_RANGE",						&Actor::checkparentrange						},
		{ "CHANCE",								&Actor::checkchance								},
		{ "MOVING_ACTOR_RANGE",					&Actor::checkmovingactorrange					},
		{ "STATE_TIME",							&Actor::checkstatetime							},
		{ "TIMES_DONE",							&Actor::checktimesdone							},
		{ "MOD",								&Actor::checkmeansofdeath						},
		{ "NOISE_HEARD",						&Actor::checknoiseheard							},
		{ "PART_STATE",							&Actor::checkpartstate							},
		{ "PART_DEAD",							&Actor::checkpartdead							},
		{ "PART_FLAG",							&Actor::checkpartflag							},
		{ "NUM_SPAWNS",							&Actor::checknumspawns							},
		{ "COMMAND",							&Actor::checkcommand							},
		{ "TOUCHED",							&Actor::checktouched							},
		{ "TOUCHED_BY_PLAYER",					&Actor::checktouchedbyplayer					},
		{ "ACTIVATED",							&Actor::checkactivated							},
		{ "USED",								&Actor::checkused								},
		{ "TWITCH",								&Actor::checktwitch								},
		{ "HEALTH",								&Actor::checkhealth								},
		{ "HEALTH_PERCENT_LESS_THAN",			&Actor::checkhealthpercent						},
		{ "HEALTH_PERCENT_IN_RANGE",			&Actor::checkhealthpercentinrange				},
		{ "ON_GROUND",							&Actor::checkonground							},
		{ "IN_WATER",							&Actor::checkinwater							},
		{ "INCOMING_MELEE_ATTACK",				&Actor::checkincomingmeleeattack				},
		{ "INCOMING_RANGED_ATTACK",				&Actor::checkincomingrangedattack				},
		{ "INCOMING_PROJECTILE",				&Actor::checkincomingprojectile					},
		{ "ENEMY_STUNNED",						&Actor::checkenemystunned						},
		{ "ENEMY_IN_PATH",						&Actor::checkenemyinpath						},
		{ "STAGE",								&Actor::checkstage								},
		{ "HELD",								&Actor::checkheld								},
		{ "ENEMY_HAS_MELEE",					&Actor::checkenemymelee							},
		{ "ENEMY_HAS_RANGED",					&Actor::checkenemyranged						},
		{ "PLAYER_HAS_WEAPON",					&Actor::checkplayerranged						},
		{ "HAS_THING",							&Actor::checkhasthing							},
		{ "AT_COVER_NODE",						&Actor::checkatcovernode						},
		{ "ALLOW_HANGBACK",						&Actor::checkallowhangback						},
		{ "NAME",								&Actor::checkname								},
		{ "ANIM_NAME",							&Actor::checkanimname							},
		{ "CHECK_VAR",							&Actor::checkVar								},
		{ "CHECK_VAR_TIME_DIFFERENCE",			&Actor::checkVarTimeDifference					},
		{ "NODE_EXISTS",						&Actor::checkNodeExists							},
		{ "COVER_NODES",						&Actor::checkCoverNodes							},
		{ "SURFACE_DAMAGED",					&Actor::checkSurfaceDamaged						},
		{ "BONE_DAMAGED",						&Actor::checkBoneDamaged						},
		{ "REGION_DAMAGED",						&Actor::checkRegionDamaged						},
		{ "CAPTURED",							&Actor::checkCaptured							},
		{ "CAN_WALK_FORWARD",					&Actor::checkCanWalkForward						},
		{ "HAS_THROWOBJECT",					&Actor::checkHasThrowObject						},
		{ "ENEMY_IS_THROWOBJECT",				&Actor::checkEnemyIsThrowObject					},
		{ "TURRET_MODE",						&Actor::checkTurretMode							},
		{ "WEAPON_READY",						&Actor::checkWeaponReady						},
		{ "PLAYER_VALID",						&Actor::checkPlayerValid						},
		{ "IN_PREFERRED_RANGE",					&Actor::checkInPreferredRange 					},
		{ "IN_ABSOLUTE_RANGE",					&Actor::checkInAbsoluteRange					},
		{ "IN_AI_MODE",							&Actor::checkInAIMode							},
		{ "DISABLED",							&Actor::checkDisabled							},
		{ "CRIPPLED",							&Actor::checkCrippled							},
		{ "IN_ALCOVE",							&Actor::checkInAlcove							},
		{ "PLAYER_IN_CALL_VOLUME",				&Actor::checkPlayerInCallVolume					},
		{ "IN_CALL_VOLUME",						&Actor::checkInCallVolume						},
		{ "IS_AGGRESSIVE",						&Actor::checkIsAggressive						},
		{ "IN_CONE_OF_FIRE",					&Actor::checkInConeOfFire						},
		{ "IN_PLAYER_CONE_OF_FIRE",				&Actor::checkInPlayerConeOfFire					},
		{ "PATROL_NODE_IN_DISTANCE",			&Actor::checkPatrolWaypointNodeInDistance		},
		{ "PATH_NODE_IN_DISTANCE",				&Actor::checkPathNodeTypeInDistance				},
		{ "WEAPON_NAMED",						&Actor::checkUsingWeaponNamed					},
		{ "OUT_OF_TORSO_RANGE",					&Actor::checkOutOfTorsoRange					},
		{ "WANTS_TO_EXECUTE_PACKAGE",			&Actor::checkWantsToExecutePackage				},
		{ "EXECUTED_IN_LAST",					&Actor::checkExecutedPackageInLastTimeFrame		},
		{ "FORWARD_CLEAR",						&Actor::checkForwardDirectionClear				},
		{ "REAR_CLEAR",							&Actor::checkRearDirectionClear					},
		{ "LEFT_CLEAR",							&Actor::checkLeftDirectionClear					},
		{ "RIGHT_CLEAR",						&Actor::checkRightDirectionClear				},
		{ "LAST_STATE",							&Actor::checkLastState							},
		{ "GROUP_MEMBER_IN_RANGE",				&Actor::checkGroupMememberRange					},
		{ "ACTORTYPE",							&Actor::checkActorType							},
		{ "IS_TEAMMATE",						&Actor::checkIsTeammate							},
		{ "HAVE_ACTIVE_WEAPON",					&Actor::checkHaveActiveWeapon					},
		{ "WEAPON_IS_MELEE",					&Actor::checkWeaponIsMelee						},
		{ "WEAPON_CHANGED",						&Actor::checkWeaponChanged						},
		{ "GROUP_HAS_THIS_NAME_LESS_THAN",		&Actor::checkCountOfIdenticalNamesInGroup		},
		{ "REQUESTED_POSTURE",					&Actor::checkRequestedPosture					},
		{ "POSTURE_ANIM_DONE",					&Actor::checkPostureAnimDone					},
		{ "DAMAGE_THRESHOLD_EXCEEDED",			&Actor::checkDamageThresholdExceeded			},
		{ "ATTACKED",							&Actor::checkAttacked							},
		{ "ATTACKED_BY_PLAYER",					&Actor::checkAttackedByPlayer					},
		{ "HELPERNODE_FLAGGED_IN_RANGED" ,		&Actor::checkHelperNodeWithFlagInRange			},
		{ "ENEMY_USING_WEAPON_NAMED",			&Actor::checkEnemyWeaponNamed					},
		{ "PLAYER_USING_WEAPON_NAMED",			&Actor::checkPlayerWeaponNamed					},
		{ "GROUP_HAS_NUMATTACKERS_LESS_THAN",	&Actor::checkGroupAttackerCount					},
		{ "CURRENT_ENEMY_HAS_NUMATTACKERS_LESS_THAN",	&Actor::checkCurrentEnemyGroupAttackerCount		},
		{ "HAVE_BEST_WEAPON" ,					&Actor::checkHaveBestWeapon						},
		{ "POSTURE",							&Actor::checkPosture							},
		{ "ANY_ENEMY_IN_RANGE",					&Actor::checkAnyEnemyInRange					},
		{ "VALID_COVER_NODE_IN_RANGE",			&Actor::checkValidCoverNodeInRange				},
		{ "VALID_COMBAT_NODE_IN_RANGE",			&Actor::checkValidCombatNodeInRange				},
		{ "VALID_WORK_NODE_IN_RANGE",			&Actor::checkValidWorkNodeInRange				},
		{ "VALID_HIBERNATE_NODE_IN_RANGE",		&Actor::checkValidHibernateNodeInRange			},
		{ "VALID_PATROL_NODE_IN_RANGE",			&Actor::checkValidPatrolNodeInRange				},
		{ "VALID_CUSTOM_NODE_IN_RANGE",			&Actor::checkValidCustomNodeInRange				},
		{ "VALID_SNIPER_NODE_IN_RANGE",			&Actor::checkValidSniperNodeInRange				},
		{ "ENEMY_CAN_SEE_CURRENT_NODE",			&Actor::checkEnemyCanSeeCurrentNode				},
		{ "FOLLOW_TARGET_OUT_OF_RANGE",			&Actor::checkSpecifiedFollowTargetOutOfRange	},
		{ "WITHIN_FOLLOW_TARGET_MIN_RANGE",		&Actor::checkWithinFollowRangeMin				},
		{ "IN_THE_WAY",							&Actor::checkInTheWay							},
		{ "SHOULD_DO_ACTION",					&Actor::checkShouldDoAction						},
		{ "HAVE_ARMOR",							&Actor::checkHaveArmor							},
		{ "ALLOWED_TO_MELEE_ENEMY",				&Actor::checkAllowedToMeleeEnemy				},
		{ "CURRENT_NODE_COVERTYPE",				&Actor::checkCurrentNodeHasThisCoverType		},
		{ "BLOCKED_BY_ENEMY",					&Actor::checkBlockedByEnemy						},
		{ "ENEMY_PROJECTILE_CLOSE",				&Actor::checkEnemyProjectileClose				},
		{ "ACTIVATION_DELAY_DONE",				&Actor::checkActivationDelayTime				},
		{ "TALKING",							&Actor::checkTalking							},
		{ "ANY_ENEMIES_NEARBY",					&Actor::checkEnemiesNearby						},



		//
		// Property Conditionals for snagging data from the GPD
		//
		{ "PROP_EXISTS",						&Actor::checkPropExists							},
		{ "PROP_CHANCE",						&Actor::checkPropChance							},		
		{ "PROP_ENEMY_RANGE",					&Actor::checkPropEnemyRange						},


		// Depreciated Conditionals -- Need to be removed as soon as possible
		{ "CAN_SHOOT_ENEMY",					&Actor::checkcanshootenemy				